Determining if the pthread_create exist failed with the following output:
Change Dir: /home/veillerette/cours/synthav/openglnoel/cmake-build-debug/CMakeFiles/CMakeTmp

Run Build Command:"/usr/bin/gmake" "cmTC_0f5b6/fast"
/usr/bin/gmake -f CMakeFiles/cmTC_0f5b6.dir/build.make CMakeFiles/cmTC_0f5b6.dir/build
gmake[1] : on entre dans le répertoire « /home/veillerette/cours/synthav/openglnoel/cmake-build-debug/CMakeFiles/CMakeTmp »
Building C object CMakeFiles/cmTC_0f5b6.dir/CheckSymbolExists.c.o
/usr/lib64/ccache/gcc    -o CMakeFiles/cmTC_0f5b6.dir/CheckSymbolExists.c.o   -c /home/veillerette/cours/synthav/openglnoel/cmake-build-debug/CMakeFiles/CMakeTmp/CheckSymbolExists.c
Linking C executable cmTC_0f5b6
/home/veillerette/.clion/clion-2018.3/bin/cmake/linux/bin/cmake -E cmake_link_script CMakeFiles/cmTC_0f5b6.dir/link.txt --verbose=1
/usr/lib64/ccache/gcc      -rdynamic CMakeFiles/cmTC_0f5b6.dir/CheckSymbolExists.c.o  -o cmTC_0f5b6 
/usr/bin/ld: CMakeFiles/cmTC_0f5b6.dir/CheckSymbolExists.c.o: in function `main':
CheckSymbolExists.c:(.text+0x16): undefined reference to `pthread_create'
collect2: error: ld a retourné le statut de sortie 1
gmake[1]: *** [CMakeFiles/cmTC_0f5b6.dir/build.make:87: cmTC_0f5b6] Error 1
gmake[1] : on quitte le répertoire « /home/veillerette/cours/synthav/openglnoel/cmake-build-debug/CMakeFiles/CMakeTmp »
gmake: *** [Makefile:121: cmTC_0f5b6/fast] Error 2

File /home/veillerette/cours/synthav/openglnoel/cmake-build-debug/CMakeFiles/CMakeTmp/CheckSymbolExists.c:
/* */
#include <pthread.h>

int main(int argc, char** argv)
{
  (void)argv;
#ifndef pthread_create
  return ((int*)(&pthread_create))[argc];
#else
  (void)argc;
  return 0;
#endif
}

Determining if the function pthread_create exists in the pthreads failed with the following output:
Change Dir: /home/veillerette/cours/synthav/openglnoel/cmake-build-debug/CMakeFiles/CMakeTmp

Run Build Command:"/usr/bin/gmake" "cmTC_4ae66/fast"
/usr/bin/gmake -f CMakeFiles/cmTC_4ae66.dir/build.make CMakeFiles/cmTC_4ae66.dir/build
gmake[1] : on entre dans le répertoire « /home/veillerette/cours/synthav/openglnoel/cmake-build-debug/CMakeFiles/CMakeTmp »
Building C object CMakeFiles/cmTC_4ae66.dir/CheckFunctionExists.c.o
/usr/lib64/ccache/gcc   -DCHECK_FUNCTION_EXISTS=pthread_create   -o CMakeFiles/cmTC_4ae66.dir/CheckFunctionExists.c.o   -c /home/veillerette/.clion/clion-2018.3/bin/cmake/linux/share/cmake-3.12/Modules/CheckFunctionExists.c
Linking C executable cmTC_4ae66
/home/veillerette/.clion/clion-2018.3/bin/cmake/linux/bin/cmake -E cmake_link_script CMakeFiles/cmTC_4ae66.dir/link.txt --verbose=1
/usr/lib64/ccache/gcc  -DCHECK_FUNCTION_EXISTS=pthread_create    -rdynamic CMakeFiles/cmTC_4ae66.dir/CheckFunctionExists.c.o  -o cmTC_4ae66 -lpthreads 
/usr/bin/ld : ne peut trouver -lpthreads
collect2: error: ld a retourné le statut de sortie 1
gmake[1]: *** [CMakeFiles/cmTC_4ae66.dir/build.make:87: cmTC_4ae66] Error 1
gmake[1] : on quitte le répertoire « /home/veillerette/cours/synthav/openglnoel/cmake-build-debug/CMakeFiles/CMakeTmp »
gmake: *** [Makefile:121: cmTC_4ae66/fast] Error 2


